<?xml version="1.0" encoding="UTF-8"?>
<!-- Generated by org.testng.reporters.JUnitXMLReporter -->
<testsuite hostname="DESKTOP-DI6C2E0" ignored="0" tests="7" failures="0" timestamp="07 Jul 2018 12:03:34 GMT" time="0.068" errors="0">
  <testcase name="f" time="0.016" classname="SampleTestNG"/>
  <testcase name="f" time="0.0" classname="SampleTestNG"/>
  <testcase name="f" time="0.015" classname="SampleTestNG"/>
  <testcase name="f" time="0.0" classname="SampleTestNG"/>
  <testcase name="f" time="0.0" classname="SampleTestNG"/>
  <testcase name="d" time="0.0" classname="SampleTestNG"/>
  <testcase name="e" time="0.017" classname="SampleTestNG"/>
</testsuite>
