<?xml version="1.0" encoding="UTF-8"?>
<testng-results skipped="0" failed="0" ignored="0" total="0" passed="0">
  <reporter-output>
  </reporter-output>
  <suite name="Suite" duration-ms="28050" started-at="2018-07-25T17:27:12Z" finished-at="2018-07-25T17:27:40Z">
    <groups>
    </groups>
    <test name="Chrometest" duration-ms="15771" started-at="2018-07-25T17:27:12Z" finished-at="2018-07-25T17:27:28Z">
      <class name="Design.DateandTime">
        <test-method status="PASS" signature="getFormatedDateTime(java.lang.String)[pri:0, instance:Design.DateandTime@6500df86]" name="getFormatedDateTime" is-config="true" duration-ms="15758" started-at="2018-07-25T22:57:12Z" finished-at="2018-07-25T22:57:28Z">
          <params>
            <param index="0">
              <value>
                <![CDATA[chrome]]>
              </value>
            </param>
          </params>
          <reporter-output>
          </reporter-output>
        </test-method> <!-- getFormatedDateTime -->
      </class> <!-- Design.DateandTime -->
    </test> <!-- Chrometest -->
    <test name="Firefoxtest" duration-ms="28050" started-at="2018-07-25T17:27:12Z" finished-at="2018-07-25T17:27:40Z">
      <class name="Design.DateandTime">
        <test-method status="PASS" signature="getFormatedDateTime(java.lang.String)[pri:0, instance:Design.DateandTime@1ed4004b]" name="getFormatedDateTime" is-config="true" duration-ms="28044" started-at="2018-07-25T22:57:12Z" finished-at="2018-07-25T22:57:40Z">
          <params>
            <param index="0">
              <value>
                <![CDATA[firefox]]>
              </value>
            </param>
          </params>
          <reporter-output>
          </reporter-output>
        </test-method> <!-- getFormatedDateTime -->
      </class> <!-- Design.DateandTime -->
    </test> <!-- Firefoxtest -->
  </suite> <!-- Suite -->
</testng-results>
